<?xml version="1.0" encoding="UTF-8"?>
<testsuite xmlns:xsi="http://www.w3.org/2001/XMLSchema-instance" xsi:noNamespaceSchemaLocation="https://maven.apache.org/surefire/maven-surefire-plugin/xsd/surefire-test-report-3.0.xsd" version="3.0" name="in.stackroute.ust.dockerspringrest.DockerSpringRestApplicationTests" time="3.242" tests="1" errors="0" skipped="0" failures="0">
  <properties>
[...]
</properties>
  <testcase name="contextLoads" classname="in.stackroute.ust.dockerspringrest.DockerSpringRestApplicationTests" time="1.128">
    <system-out><![CDATA[14:54:07.752 [main] INFO org.springframework.test.context.support.AnnotationConfigContextLoaderUtils -- Could not detect default configuration classes for test class [in.stackroute.ust.dockerspringrest.DockerSpringRestApplicationTests]: DockerSpringRestApplicationTests does not declare any static, non-private, non-final, nested classes annotated with @Configuration.
14:54:07.872 [main] INFO org.springframework.boot.test.context.SpringBootTestContextBootstrapper -- Found @SpringBootConfiguration in.stackroute.ust.dockerspringrest.DockerSpringRestApplication for test class in.stackroute.ust.dockerspringrest.DockerSpringRestApplicationTests

  .   ____          _            __ _ _
 /\\ / ___'_ __ _ _(_)_ __  __ _ \ \ \ \
( ( )\___ | '_ | '_| | '_ \/ _` | \ \ \ \
 \\/  ___)| |_)| | | | | || (_| |  ) ) ) )
  '  |____| .__|_| |_|_| |_\__, | / / / /
 =========|_|==============|___/=/_/_/_/
 :: Spring Boot ::                (v3.1.0)

2023-05-24T14:54:08.357+05:30  INFO 9252 --- [           main] i.s.u.d.DockerSpringRestApplicationTests : Starting DockerSpringRestApplicationTests using Java 17.0.7 with PID 9252 (started by Ashis in D:\ust\microservices\docker-spring-rest)
2023-05-24T14:54:08.358+05:30  INFO 9252 --- [           main] i.s.u.d.DockerSpringRestApplicationTests : No active profile set, falling back to 1 default profile: "default"
2023-05-24T14:54:09.671+05:30  INFO 9252 --- [           main] i.s.u.d.DockerSpringRestApplicationTests : Started DockerSpringRestApplicationTests in 1.646 seconds (process running for 3.038)
]]></system-out>
  </testcase>
</testsuite>